<?xml version="1.0" encoding="UTF-8"?>
<!-- Generated by org.testng.reporters.JUnitReportReporter -->
<testsuite hostname="192.168.1.7" failures="0" tests="1" name="com.example.tests.LoginTest" time="109.757" errors="0" timestamp="2024-08-26T13:21:48 CST" skipped="0">
  <testcase classname="com.example.tests.LoginTest" name="testLogin" time="109.757"/>
  <system-out/>
</testsuite> <!-- com.example.tests.LoginTest -->
