<?xml version="1.0" encoding="UTF-8"?>
<!-- Generated by org.testng.reporters.JUnitReportReporter -->
<testsuite hostname="192.168.1.7" failures="0" tests="1" name="com.example.AppTest" time="0.010" errors="0" timestamp="2024-08-26T13:21:48 CST" skipped="0">
  <testcase classname="com.example.AppTest" name="testApp" time="0.010"/>
  <system-out/>
</testsuite> <!-- com.example.AppTest -->
